[INFO]-[2020/05/04 14:55:36] Cloning: 1588604136355's clone job's data is not in database, generating data
[INFO]-[2020/05/04 14:55:36] Cloning: 1588604136355's clone job's data is not in database, generating data
[INFO]-[2020/05/04 14:55:37] DB Copy: Creating table wpstg0_commentmeta
[INFO]-[2020/05/04 14:55:37] DB Copy: Creating table wpstg0_commentmeta
[INFO]-[2020/05/04 14:55:38] DB Copy: Creating table wpstg0_comments
[INFO]-[2020/05/04 14:55:38] DB Copy: Creating table wpstg0_comments
[INFO]-[2020/05/04 14:55:39] DB Copy: Creating table wpstg0_links
[INFO]-[2020/05/04 14:55:39] DB Copy: Creating table wpstg0_links
[INFO]-[2020/05/04 14:55:40] DB Copy: Creating table wpstg0_options
[INFO]-[2020/05/04 14:55:40] DB Copy: ep_options as wpstg0_options from 0 to 10000 records
[INFO]-[2020/05/04 14:55:40] DB Copy: Creating table wpstg0_options
[INFO]-[2020/05/04 14:55:40] DB Copy: ep_options as wpstg0_options from 0 to 10000 records
[INFO]-[2020/05/04 14:55:41] DB Copy: Creating table wpstg0_postmeta
[INFO]-[2020/05/04 14:55:42] DB Copy: ep_postmeta as wpstg0_postmeta from 0 to 10000 records
[INFO]-[2020/05/04 14:55:41] DB Copy: Creating table wpstg0_postmeta
[INFO]-[2020/05/04 14:55:42] DB Copy: ep_postmeta as wpstg0_postmeta from 0 to 10000 records
[INFO]-[2020/05/04 14:55:44] DB Copy: Creating table wpstg0_posts
[INFO]-[2020/05/04 14:55:44] DB Copy: ep_posts as wpstg0_posts from 0 to 10000 records
[INFO]-[2020/05/04 14:55:44] DB Copy: Creating table wpstg0_posts
[INFO]-[2020/05/04 14:55:44] DB Copy: ep_posts as wpstg0_posts from 0 to 10000 records
[INFO]-[2020/05/04 14:55:46] DB Copy: Creating table wpstg0_smush_dir_images
[INFO]-[2020/05/04 14:55:46] DB Copy: Creating table wpstg0_smush_dir_images
[INFO]-[2020/05/04 14:55:48] DB Copy: Creating table wpstg0_term_relationships
[INFO]-[2020/05/04 14:55:48] DB Copy: ep_term_relationships as wpstg0_term_relationships from 0 to 10000 records
[INFO]-[2020/05/04 14:55:48] DB Copy: Creating table wpstg0_term_relationships
[INFO]-[2020/05/04 14:55:48] DB Copy: ep_term_relationships as wpstg0_term_relationships from 0 to 10000 records
[INFO]-[2020/05/04 14:55:49] DB Copy: Creating table wpstg0_term_taxonomy
[INFO]-[2020/05/04 14:55:49] DB Copy: ep_term_taxonomy as wpstg0_term_taxonomy from 0 to 10000 records
[INFO]-[2020/05/04 14:55:49] DB Copy: Creating table wpstg0_term_taxonomy
[INFO]-[2020/05/04 14:55:49] DB Copy: ep_term_taxonomy as wpstg0_term_taxonomy from 0 to 10000 records
[INFO]-[2020/05/04 14:55:50] DB Copy: Creating table wpstg0_termmeta
[INFO]-[2020/05/04 14:55:50] DB Copy: Creating table wpstg0_termmeta
[INFO]-[2020/05/04 14:55:52] DB Copy: Creating table wpstg0_terms
[INFO]-[2020/05/04 14:55:52] DB Copy: ep_terms as wpstg0_terms from 0 to 10000 records
[INFO]-[2020/05/04 14:55:52] DB Copy: Creating table wpstg0_terms
[INFO]-[2020/05/04 14:55:52] DB Copy: ep_terms as wpstg0_terms from 0 to 10000 records
[INFO]-[2020/05/04 14:55:53] DB Copy: Creating table wpstg0_usermeta
[INFO]-[2020/05/04 14:55:53] DB Copy: ep_usermeta as wpstg0_usermeta from 0 to 10000 records
[INFO]-[2020/05/04 14:55:53] DB Copy: Creating table wpstg0_usermeta
[INFO]-[2020/05/04 14:55:53] DB Copy: ep_usermeta as wpstg0_usermeta from 0 to 10000 records
[INFO]-[2020/05/04 14:55:54] DB Copy: Creating table wpstg0_users
[INFO]-[2020/05/04 14:55:54] DB Copy: ep_users as wpstg0_users from 0 to 10000 records
[INFO]-[2020/05/04 14:55:54] DB Copy: Creating table wpstg0_users
[INFO]-[2020/05/04 14:55:54] DB Copy: ep_users as wpstg0_users from 0 to 10000 records
[]-[] 
[]-[] 
[]-[] 
[]-[] 
[]-[] 
[]-[] 
[]-[] 
[]-[] 
[INFO]-[2020/05/04 14:55:57] DB Search & Replace:  Table wpstg0_options 0 to 5000 records
[INFO]-[2020/05/04 14:55:57] DB Search & Replace:  Table wpstg0_options 0 to 5000 records
[INFO]-[2020/05/04 14:55:59] DB Search & Replace:  Table wpstg0_postmeta 0 to 5000 records
[INFO]-[2020/05/04 14:55:59] DB Search & Replace:  Table wpstg0_postmeta 0 to 5000 records
[INFO]-[2020/05/04 14:56:21] DB Search & Replace:  Table wpstg0_posts 0 to 5000 records
[INFO]-[2020/05/04 14:56:21] DB Search & Replace:  Table wpstg0_posts 0 to 5000 records
[]-[] 
[]-[] 
[INFO]-[2020/05/04 14:56:34] DB Search & Replace:  Table wpstg0_term_relationships 0 to 5000 records
[INFO]-[2020/05/04 14:56:34] DB Search & Replace:  Table wpstg0_term_relationships 0 to 5000 records
[INFO]-[2020/05/04 14:56:35] DB Search & Replace:  Table wpstg0_term_taxonomy 0 to 5000 records
[INFO]-[2020/05/04 14:56:35] DB Search & Replace:  Table wpstg0_term_taxonomy 0 to 5000 records
[]-[] 
[]-[] 
[INFO]-[2020/05/04 14:56:36] DB Search & Replace:  Table wpstg0_terms 0 to 5000 records
[INFO]-[2020/05/04 14:56:36] DB Search & Replace:  Table wpstg0_terms 0 to 5000 records
[INFO]-[2020/05/04 14:56:36] DB Search & Replace:  Table wpstg0_usermeta 0 to 5000 records
[INFO]-[2020/05/04 14:56:36] DB Search & Replace:  Table wpstg0_usermeta 0 to 5000 records
[INFO]-[2020/05/04 14:56:37] DB Search & Replace:  Table wpstg0_users 0 to 5000 records
[INFO]-[2020/05/04 14:56:37] DB Search & Replace:  Table wpstg0_users 0 to 5000 records
[]-[] 
[]-[] 
[INFO]-[2020/05/04 14:56:38] Scanning / for files
[INFO]-[2020/05/04 14:56:38] Scanning / for files
[INFO]-[2020/05/04 14:56:38] Scanning wp-content folder D:\Programe\xampp\htdocs\emon/wp-content
[INFO]-[2020/05/04 14:56:38] Scanning wp-content folder D:\Programe\xampp\htdocs\emon/wp-content
[INFO]-[2020/05/04 14:56:40] Scanning /wp-includes for its sub-directories and files
[INFO]-[2020/05/04 14:56:40] Scanning /wp-includes for its sub-directories and files
[INFO]-[2020/05/04 14:56:41] Scanning /wp-admin for its sub-directories and files
[INFO]-[2020/05/04 14:56:41] Scanning /wp-admin for its sub-directories and files
[INFO]-[2020/05/04 14:56:43] Copying files...
[INFO]-[2020/05/04 14:56:47] Total 50 files processed
[INFO]-[2020/05/04 14:56:43] Copying files...
[INFO]-[2020/05/04 14:56:47] Total 50 files processed
[INFO]-[2020/05/04 14:56:50] Total 100 files processed
[INFO]-[2020/05/04 14:56:50] Total 100 files processed
[INFO]-[2020/05/04 14:56:52] Total 150 files processed
[INFO]-[2020/05/04 14:56:52] Total 150 files processed
[INFO]-[2020/05/04 14:56:55] Total 200 files processed
[INFO]-[2020/05/04 14:56:55] Total 200 files processed
[INFO]-[2020/05/04 14:57:00] Total 250 files processed
[INFO]-[2020/05/04 14:57:00] Total 250 files processed
[INFO]-[2020/05/04 14:57:03] Total 300 files processed
[INFO]-[2020/05/04 14:57:03] Total 300 files processed
[INFO]-[2020/05/04 14:57:06] Total 350 files processed
[INFO]-[2020/05/04 14:57:06] Total 350 files processed
[INFO]-[2020/05/04 14:57:09] Total 400 files processed
[INFO]-[2020/05/04 14:57:09] Total 400 files processed
[INFO]-[2020/05/04 14:57:10] Total 450 files processed
[INFO]-[2020/05/04 14:57:10] Total 450 files processed
[INFO]-[2020/05/04 14:57:12] Total 500 files processed
[INFO]-[2020/05/04 14:57:12] Total 500 files processed
[INFO]-[2020/05/04 14:57:14] Total 550 files processed
[INFO]-[2020/05/04 14:57:14] Total 550 files processed
[INFO]-[2020/05/04 14:57:16] Total 600 files processed
[INFO]-[2020/05/04 14:57:16] Total 600 files processed
[INFO]-[2020/05/04 14:57:19] Total 650 files processed
[INFO]-[2020/05/04 14:57:19] Total 650 files processed
[INFO]-[2020/05/04 14:57:21] Total 700 files processed
[INFO]-[2020/05/04 14:57:21] Total 700 files processed
[INFO]-[2020/05/04 14:57:25] Total 750 files processed
[INFO]-[2020/05/04 14:57:25] Total 750 files processed
[INFO]-[2020/05/04 14:57:28] Total 800 files processed
[INFO]-[2020/05/04 14:57:28] Total 800 files processed
[INFO]-[2020/05/04 14:57:29] Total 850 files processed
[INFO]-[2020/05/04 14:57:29] Total 850 files processed
[INFO]-[2020/05/04 14:57:31] Total 900 files processed
[INFO]-[2020/05/04 14:57:31] Total 900 files processed
[INFO]-[2020/05/04 14:57:34] Total 950 files processed
[INFO]-[2020/05/04 14:57:34] Total 950 files processed
[INFO]-[2020/05/04 14:57:37] Total 1000 files processed
[INFO]-[2020/05/04 14:57:37] Total 1000 files processed
[INFO]-[2020/05/04 14:57:48] Total 1050 files processed
[INFO]-[2020/05/04 14:57:48] Total 1050 files processed
[INFO]-[2020/05/04 14:57:49] Total 1100 files processed
[INFO]-[2020/05/04 14:57:49] Total 1100 files processed
[INFO]-[2020/05/04 14:57:51] Total 1150 files processed
[INFO]-[2020/05/04 14:57:51] Total 1150 files processed
[INFO]-[2020/05/04 14:57:53] Total 1200 files processed
[INFO]-[2020/05/04 14:57:53] Total 1200 files processed
[INFO]-[2020/05/04 14:57:54] Total 1250 files processed
[INFO]-[2020/05/04 14:57:54] Total 1250 files processed
[INFO]-[2020/05/04 14:57:56] Total 1300 files processed
[INFO]-[2020/05/04 14:57:56] Total 1300 files processed
[INFO]-[2020/05/04 14:57:57] Total 1350 files processed
[INFO]-[2020/05/04 14:57:57] Total 1350 files processed
[INFO]-[2020/05/04 14:57:59] Total 1400 files processed
[INFO]-[2020/05/04 14:57:59] Total 1400 files processed
[INFO]-[2020/05/04 14:58:02] Total 1450 files processed
[INFO]-[2020/05/04 14:58:02] Total 1450 files processed
[INFO]-[2020/05/04 14:58:04] Total 1500 files processed
[INFO]-[2020/05/04 14:58:04] Total 1500 files processed
[INFO]-[2020/05/04 14:58:07] Total 1550 files processed
[INFO]-[2020/05/04 14:58:07] Total 1550 files processed
[INFO]-[2020/05/04 14:58:09] Total 1600 files processed
[INFO]-[2020/05/04 14:58:09] Total 1600 files processed
[INFO]-[2020/05/04 14:58:13] Total 1650 files processed
[INFO]-[2020/05/04 14:58:13] Total 1650 files processed
[INFO]-[2020/05/04 14:58:16] Total 1700 files processed
[INFO]-[2020/05/04 14:58:16] Total 1700 files processed
[INFO]-[2020/05/04 14:58:17] Total 1750 files processed
[INFO]-[2020/05/04 14:58:17] Total 1750 files processed
[INFO]-[2020/05/04 14:58:19] Total 1800 files processed
[INFO]-[2020/05/04 14:58:19] Total 1800 files processed
[INFO]-[2020/05/04 14:58:20] Total 1850 files processed
[INFO]-[2020/05/04 14:58:20] Total 1850 files processed
[INFO]-[2020/05/04 14:58:22] Total 1900 files processed
[INFO]-[2020/05/04 14:58:22] Total 1900 files processed
[INFO]-[2020/05/04 14:58:24] Total 1950 files processed
[INFO]-[2020/05/04 14:58:24] Total 1950 files processed
[INFO]-[2020/05/04 14:58:25] Total 2000 files processed
[INFO]-[2020/05/04 14:58:25] Total 2000 files processed
[INFO]-[2020/05/04 14:58:29] Total 2050 files processed
[INFO]-[2020/05/04 14:58:29] Total 2050 files processed
[INFO]-[2020/05/04 14:58:30] Total 2100 files processed
[INFO]-[2020/05/04 14:58:30] Total 2100 files processed
[INFO]-[2020/05/04 14:58:32] Total 2150 files processed
[INFO]-[2020/05/04 14:58:32] Total 2150 files processed
[INFO]-[2020/05/04 14:58:34] Total 2200 files processed
[INFO]-[2020/05/04 14:58:34] Total 2200 files processed
[INFO]-[2020/05/04 14:58:37] Total 2250 files processed
[INFO]-[2020/05/04 14:58:37] Total 2250 files processed
[INFO]-[2020/05/04 14:58:39] Total 2300 files processed
[INFO]-[2020/05/04 14:58:39] Total 2300 files processed
[INFO]-[2020/05/04 14:58:42] Total 2350 files processed
[INFO]-[2020/05/04 14:58:42] Total 2350 files processed
[INFO]-[2020/05/04 14:58:45] Total 2400 files processed
[INFO]-[2020/05/04 14:58:45] Total 2400 files processed
[INFO]-[2020/05/04 14:58:48] Total 2450 files processed
[INFO]-[2020/05/04 14:58:48] Total 2450 files processed
[INFO]-[2020/05/04 14:58:51] Total 2500 files processed
[INFO]-[2020/05/04 14:58:51] Total 2500 files processed
[INFO]-[2020/05/04 14:58:55] Total 2550 files processed
[INFO]-[2020/05/04 14:58:55] Total 2550 files processed
[INFO]-[2020/05/04 14:58:57] Total 2600 files processed
[INFO]-[2020/05/04 14:58:57] Total 2600 files processed
[INFO]-[2020/05/04 14:59:00] Total 2650 files processed
[INFO]-[2020/05/04 14:59:00] Total 2650 files processed
[INFO]-[2020/05/04 14:59:07] Total 2700 files processed
[INFO]-[2020/05/04 14:59:07] Total 2700 files processed
[INFO]-[2020/05/04 14:59:13] Total 2750 files processed
[INFO]-[2020/05/04 14:59:13] Total 2750 files processed
[INFO]-[2020/05/04 14:59:18] Total 2800 files processed
[INFO]-[2020/05/04 14:59:18] Total 2800 files processed
[INFO]-[2020/05/04 14:59:20] Total 2850 files processed
[INFO]-[2020/05/04 14:59:20] Total 2850 files processed
[INFO]-[2020/05/04 14:59:24] Total 2900 files processed
[INFO]-[2020/05/04 14:59:24] Total 2900 files processed
[INFO]-[2020/05/04 14:59:28] Total 2950 files processed
[INFO]-[2020/05/04 14:59:28] Total 2950 files processed
[INFO]-[2020/05/04 14:59:33] Total 3000 files processed
[INFO]-[2020/05/04 14:59:33] Total 3000 files processed
[INFO]-[2020/05/04 14:59:37] Total 3050 files processed
[INFO]-[2020/05/04 14:59:37] Total 3050 files processed
[INFO]-[2020/05/04 14:59:41] Total 3100 files processed
[INFO]-[2020/05/04 14:59:41] Total 3100 files processed
[INFO]-[2020/05/04 14:59:42] Total 3150 files processed
[INFO]-[2020/05/04 14:59:42] Total 3150 files processed
[INFO]-[2020/05/04 14:59:44] Total 3200 files processed
[INFO]-[2020/05/04 14:59:44] Total 3200 files processed
[INFO]-[2020/05/04 14:59:47] Total 3250 files processed
[INFO]-[2020/05/04 14:59:47] Total 3250 files processed
[INFO]-[2020/05/04 14:59:50] Total 3300 files processed
[INFO]-[2020/05/04 14:59:50] Total 3300 files processed
[INFO]-[2020/05/04 14:59:54] Total 3350 files processed
[INFO]-[2020/05/04 14:59:54] Total 3350 files processed
[INFO]-[2020/05/04 14:59:57] Total 3400 files processed
[INFO]-[2020/05/04 14:59:57] Total 3400 files processed
[INFO]-[2020/05/04 14:59:59] Total 3450 files processed
[INFO]-[2020/05/04 14:59:59] Total 3450 files processed
[INFO]-[2020/05/04 15:00:02] Total 3500 files processed
[INFO]-[2020/05/04 15:00:02] Total 3500 files processed
[INFO]-[2020/05/04 15:00:06] Total 3550 files processed
[INFO]-[2020/05/04 15:00:06] Total 3550 files processed
[INFO]-[2020/05/04 15:00:07] Total 3600 files processed
[INFO]-[2020/05/04 15:00:07] Total 3600 files processed
[INFO]-[2020/05/04 15:00:12] Total 3650 files processed
[INFO]-[2020/05/04 15:00:12] Total 3650 files processed
[INFO]-[2020/05/04 15:00:20] Total 3700 files processed
[INFO]-[2020/05/04 15:00:20] Total 3700 files processed
[INFO]-[2020/05/04 15:00:24] Total 3750 files processed
[INFO]-[2020/05/04 15:00:24] Total 3750 files processed
[INFO]-[2020/05/04 15:00:26] Total 3800 files processed
[INFO]-[2020/05/04 15:00:26] Total 3800 files processed
[INFO]-[2020/05/04 15:00:29] Total 3850 files processed
[INFO]-[2020/05/04 15:00:29] Total 3850 files processed
[INFO]-[2020/05/04 15:00:36] Total 3900 files processed
[INFO]-[2020/05/04 15:00:36] Total 3900 files processed
[WARNING]-[2020/05/04 15:00:38] File doesn't exist D:/Programe/xampp/htdocs/emon/
[WARNING]-[2020/05/04 15:00:38] File doesn't exist D:/Programe/xampp/htdocs/emon/
[INFO]-[2020/05/04 15:00:39] Copying files finished
[INFO]-[2020/05/04 15:00:39] Copying files finished
[INFO]-[2020/05/04 15:00:39] Preparing Data Step0: Copy wp-config.php file
[INFO]-[2020/05/04 15:00:39] Preparing Data Step0: Copy wp-config.php file
[INFO]-[2020/05/04 15:00:40] Preparing Data Step1: Updating siteurl and homeurl in wpstg0_options 
[INFO]-[2020/05/04 15:00:40] Preparing Data Step1: Updating siteurl and homeurl to http://localhost/emon/1588604136355
[INFO]-[2020/05/04 15:00:40] Preparing Data Step1: Updating siteurl and homeurl in wpstg0_options 
[INFO]-[2020/05/04 15:00:40] Preparing Data Step1: Updating siteurl and homeurl to http://localhost/emon/1588604136355
[INFO]-[2020/05/04 15:00:40] Preparing Data Step2: Updating row wpstg_is_staging_site in wpstg0_options 
[INFO]-[2020/05/04 15:00:40] Preparing Data Step2: Successful
[INFO]-[2020/05/04 15:00:40] Preparing Data Step2: Updating row wpstg_is_staging_site in wpstg0_options 
[INFO]-[2020/05/04 15:00:40] Preparing Data Step2: Successful
[INFO]-[2020/05/04 15:00:41] Preparing Data Step3: Updating rewrite_rules in wpstg0_options 
[INFO]-[2020/05/04 15:00:41] Preparing Data Step3: Updating rewrite_rules in wpstg0_options 
[INFO]-[2020/05/04 15:00:41] Preparing Data Step4: Updating db prefix in wpstg0_usermeta. 
[INFO]-[2020/05/04 15:00:41] Preparing Data Step4: Updating db prefix in wpstg0_usermeta. 
[INFO]-[2020/05/04 15:00:42] Preparing Data Step5: Updating table_prefix in D:\Programe\xampp\htdocs\emon\1588604136355/wp-config.php to wpstg0_
[INFO]-[2020/05/04 15:00:42] Preparing Data Step5: Updating table_prefix in D:\Programe\xampp\htdocs\emon\1588604136355/wp-config.php to wpstg0_
[INFO]-[2020/05/04 15:00:42] Preparing Data Step6: WP installation is not in a subdirectory! Skipping this step
[INFO]-[2020/05/04 15:00:42] Preparing Data Step6: WP installation is not in a subdirectory! Skipping this step
[INFO]-[2020/05/04 15:00:43] Preparing Data Step7: Updating wpstg_rmpermalinks_executed in wpstg0_options 
[INFO]-[2020/05/04 15:00:43] Preparing Data Step7: Finished successfully
[INFO]-[2020/05/04 15:00:43] Preparing Data Step7: Updating wpstg_rmpermalinks_executed in wpstg0_options 
[INFO]-[2020/05/04 15:00:43] Preparing Data Step7: Finished successfully
[INFO]-[2020/05/04 15:00:43] Preparing Data Step8: Updating permalink_structure in wpstg0_options 
[INFO]-[2020/05/04 15:00:43] Preparing Data Step8: Finished successfully
[INFO]-[2020/05/04 15:00:43] Preparing Data Step8: Updating permalink_structure in wpstg0_options 
[INFO]-[2020/05/04 15:00:43] Preparing Data Step8: Finished successfully
[INFO]-[2020/05/04 15:00:43] Preparing Data Step9: Set staging site to noindex
[INFO]-[2020/05/04 15:00:44] Preparing Data Step9: Finished successfully
[INFO]-[2020/05/04 15:00:43] Preparing Data Step9: Set staging site to noindex
[INFO]-[2020/05/04 15:00:44] Preparing Data Step9: Finished successfully
[INFO]-[2020/05/04 15:00:44] Preparing Data Step10: Updating WP_HOME in wp-config.php to http://localhost/emon/1588604136355
[INFO]-[2020/05/04 15:00:44] Preparing Data Step10: WP_HOME not defined in wp-config.php. Skipping this step.
[INFO]-[2020/05/04 15:00:44] Preparing Data Step10: Finished successfully
[INFO]-[2020/05/04 15:00:44] Preparing Data Step10: Updating WP_HOME in wp-config.php to http://localhost/emon/1588604136355
[INFO]-[2020/05/04 15:00:44] Preparing Data Step10: WP_HOME not defined in wp-config.php. Skipping this step.
[INFO]-[2020/05/04 15:00:44] Preparing Data Step10: Finished successfully
[INFO]-[2020/05/04 15:00:44] Preparing Data Step11: Updating WP_SITEURL in wp-config.php to http://localhost/emon/1588604136355
[INFO]-[2020/05/04 15:00:44] Preparing Data Step11: WP_SITEURL not defined in wp-config.php. Skipping this step.
[INFO]-[2020/05/04 15:00:44] Preparing Data Step11: Finished successfully
[INFO]-[2020/05/04 15:00:44] Preparing Data Step11: Updating WP_SITEURL in wp-config.php to http://localhost/emon/1588604136355
[INFO]-[2020/05/04 15:00:44] Preparing Data Step11: WP_SITEURL not defined in wp-config.php. Skipping this step.
[INFO]-[2020/05/04 15:00:44] Preparing Data Step11: Finished successfully
[INFO]-[2020/05/04 15:00:45] Preparing Data Step12: Updating db prefix in wpstg0_options.
[INFO]-[2020/05/04 15:00:45] Preparing Data Step12: Skip (custom filtered):   AND option_name <> 'wp_mail_smtp' AND option_name <> 'wp_mail_smtp_version' AND option_name <> 'wp_mail_smtp_debug'
[INFO]-[2020/05/04 15:00:45] Preparing Data Step12: Finished successfully
[INFO]-[2020/05/04 15:00:45] Preparing Data Step12: Updating db prefix in wpstg0_options.
[INFO]-[2020/05/04 15:00:45] Preparing Data Step12: Skip (custom filtered):   AND option_name <> 'wp_mail_smtp' AND option_name <> 'wp_mail_smtp_version' AND option_name <> 'wp_mail_smtp_debug'
[INFO]-[2020/05/04 15:00:45] Preparing Data Step12: Finished successfully
[INFO]-[2020/05/04 15:00:45] Preparing Data Step13: Updating upload_path wpstg0_options.
[INFO]-[2020/05/04 15:00:45] Preparing Data Step13: Skipped
[INFO]-[2020/05/04 15:00:45] Preparing Data Step13: Updating upload_path wpstg0_options.
[INFO]-[2020/05/04 15:00:45] Preparing Data Step13: Skipped
[INFO]-[2020/05/04 15:00:46] Preparing Data Step14: Set WP_CACHE in wp-config.php to false
[INFO]-[2020/05/04 15:00:46] Preparing Data Step14: WP_CACHE not defined in wp-config.php. Skipping this step.
[INFO]-[2020/05/04 15:00:46] Preparing Data Step14: Finished successfully
[INFO]-[2020/05/04 15:00:46] Preparing Data Step14: Set WP_CACHE in wp-config.php to false
[INFO]-[2020/05/04 15:00:46] Preparing Data Step14: WP_CACHE not defined in wp-config.php. Skipping this step.
[INFO]-[2020/05/04 15:00:46] Preparing Data Step14: Finished successfully
[INFO]-[2020/05/04 15:00:46] Preparing Data Step15: Set WP_CONTENT_DIR in wp-config.php to false
[INFO]-[2020/05/04 15:00:46] Preparing Data Step15: WP_CONTENT_DIR not defined in wp-config.php. Skipping this step.
[INFO]-[2020/05/04 15:00:46] Preparing Data Step15: Finished successfully
[INFO]-[2020/05/04 15:00:46] Preparing Data Step15: Set WP_CONTENT_DIR in wp-config.php to false
[INFO]-[2020/05/04 15:00:46] Preparing Data Step15: WP_CONTENT_DIR not defined in wp-config.php. Skipping this step.
[INFO]-[2020/05/04 15:00:46] Preparing Data Step15: Finished successfully
[INFO]-[2020/05/04 15:00:46] Preparing Data Step16: Set WP_CONTENT_URL in wp-config.php to false
[INFO]-[2020/05/04 15:00:46] Preparing Data Step16: WP_CONTENT_URL not defined in wp-config.php. Skipping this step.
[INFO]-[2020/05/04 15:00:46] Preparing Data Step16: Finished successfully
[INFO]-[2020/05/04 15:00:46] Preparing Data Step16: Set WP_CONTENT_URL in wp-config.php to false
[INFO]-[2020/05/04 15:00:46] Preparing Data Step16: WP_CONTENT_URL not defined in wp-config.php. Skipping this step.
[INFO]-[2020/05/04 15:00:46] Preparing Data Step16: Finished successfully
[INFO]-[2020/05/04 15:00:47] Preparing Data Step17: Update UPLOADS constant in wp-config.php
[INFO]-[2020/05/04 15:00:47] Preparing Data Step17: UPLOADS not defined in wp-config.php. Creating new entry.
[INFO]-[2020/05/04 15:00:47] Preparing Data Step17: Finished successfully
[INFO]-[2020/05/04 15:00:47] Preparing Data Step17: Update UPLOADS constant in wp-config.php
[INFO]-[2020/05/04 15:00:47] Preparing Data Step17: UPLOADS not defined in wp-config.php. Creating new entry.
[INFO]-[2020/05/04 15:00:47] Preparing Data Step17: Finished successfully
[]-[] 
[]-[] 
[]-[] 
[]-[] 
[]-[] 
[]-[] 
[INFO]-[2020/05/04 15:00:48] Finish: Deleting clone job's cache files...
[INFO]-[2020/05/04 15:00:48] Finish: Clone job's cache files have been deleted!
[INFO]-[2020/05/04 15:00:48] Finish: Verifying existing clones...
[INFO]-[2020/05/04 15:00:48] Finish: The job finished!
[INFO]-[2020/05/04 15:00:48] Finish: Deleting clone job's cache files...
[INFO]-[2020/05/04 15:00:48] Finish: Clone job's cache files have been deleted!
[INFO]-[2020/05/04 15:00:48] Finish: Verifying existing clones...
[INFO]-[2020/05/04 15:00:48] Finish: The job finished!
